"../../../Engine/Content/Functions/Engine_MaterialFunctions01/Opacity/CameraDepthFade.uasset" 0
"../../../Engine/Content/EngineMaterials/T_Default_Material_Grid_M.uasset" 1
"../../../Engine/Content/EngineMaterials/T_Default_Material_Grid_N.uasset" 2
"../../../Engine/Content/EngineMaterials/WorldGridMaterial.uasset" 3
"C:/Users/Arthur/Desktop/Projects/UE4/GodOfGods/GodOfGods/Content/Box_Brush_StaticMesh.uasset" 4
"C:/Users/Arthur/Desktop/Projects/UE4/GodOfGods/GodOfGods/Content/Assets/DoorWay2.uasset" 5
"C:/Users/Arthur/Desktop/Projects/UE4/GodOfGods/GodOfGods/Content/Assets/DoorWay.uasset" 6
"C:/Users/Arthur/Desktop/Projects/UE4/GodOfGods/GodOfGods/Content/Assets/CharacterIcons/Question-mark_Sprite.uasset" 7
"C:/Users/Arthur/Desktop/Projects/UE4/GodOfGods/GodOfGods/Content/BPs/BP_Test.uasset" 8
"../../../Engine/Content/EditorBlueprintResources/ActorMacros.uasset" 9
"../../../Engine/Content/EditorBlueprintResources/StandardMacros.uasset" 10
"C:/Users/Arthur/Desktop/Projects/UE4/GodOfGods/GodOfGods/Content/BPs/_Main/Enum_GameModes.uasset" 11
"C:/Users/Arthur/Desktop/Projects/UE4/GodOfGods/GodOfGods/Content/BPs/_Main/Enum_MultiplayerModes.uasset" 12
"C:/Users/Arthur/Desktop/Projects/UE4/GodOfGods/GodOfGods/Content/BPs/_Main/Struc_SessionSettings.uasset" 13
"C:/Users/Arthur/Desktop/Projects/UE4/GodOfGods/GodOfGods/Content/Widgets/Widget_ErrorWindow.uasset" 14
"C:/Users/Arthur/Desktop/Projects/UE4/GodOfGods/GodOfGods/Content/Widgets/Widget_HostMenu.uasset" 15
"C:/Users/Arthur/Desktop/Projects/UE4/GodOfGods/GodOfGods/Content/Assets/Backgrounds/Tgkpf.uasset" 16
"C:/Users/Arthur/Desktop/Projects/UE4/GodOfGods/GodOfGods/Content/Widgets/Widget_LoadingScreen.uasset" 17
"C:/Users/Arthur/Desktop/Projects/UE4/GodOfGods/GodOfGods/Content/Widgets/Widget_MainMenu.uasset" 18
"C:/Users/Arthur/Desktop/Projects/UE4/GodOfGods/GodOfGods/Content/Widgets/Widget_OptionsMenu.uasset" 19
"C:/Users/Arthur/Desktop/Projects/UE4/GodOfGods/GodOfGods/Content/Widgets/Widget_Session.uasset" 20
"C:/Users/Arthur/Desktop/Projects/UE4/GodOfGods/GodOfGods/Content/Widgets/Widget_ServerMenu.uasset" 21
"C:/Users/Arthur/Desktop/Projects/UE4/GodOfGods/GodOfGods/Content/BPs/_Main/GoG_GameInstance.uasset" 22
"C:/Users/Arthur/Desktop/Projects/UE4/GodOfGods/GodOfGods/Content/BPs/_Main/BPI_GameInstance.uasset" 23
"C:/Users/Arthur/Desktop/Projects/UE4/GodOfGods/GodOfGods/Content/BPs/_Main/GoG_GameMode_Gameplay.uasset" 24
"C:/Users/Arthur/Desktop/Projects/UE4/GodOfGods/GodOfGods/Content/BPs/_Main/BPI_GameMode_Gameplay.uasset" 25
"C:/Users/Arthur/Desktop/Projects/UE4/GodOfGods/GodOfGods/Content/BPs/_Main/Struc_PlayerInfo.uasset" 26
"C:/Users/Arthur/Desktop/Projects/UE4/GodOfGods/GodOfGods/Content/Assets/CharacterIcons/69810320_100605981323755_90273817355616256_n.uasset" 27
"C:/Users/Arthur/Desktop/Projects/UE4/GodOfGods/GodOfGods/Content/Assets/CharacterIcons/69810320_100605981323755_90273817355616256_n_Sprite.uasset" 28
"C:/Users/Arthur/Desktop/Projects/UE4/GodOfGods/GodOfGods/Content/BPs/Entities/Characters/Char_Entity_Player_Cat.uasset" 29
"C:/Users/Arthur/Desktop/Projects/UE4/GodOfGods/GodOfGods/Content/Assets/CharacterIcons/cover.uasset" 30
"C:/Users/Arthur/Desktop/Projects/UE4/GodOfGods/GodOfGods/Content/Assets/CharacterIcons/cover_Sprite.uasset" 31
"C:/Users/Arthur/Desktop/Projects/UE4/GodOfGods/GodOfGods/Content/BPs/Entities/Characters/Char_Entity_Player_Jesus.uasset" 32
"C:/Users/Arthur/Desktop/Projects/UE4/GodOfGods/GodOfGods/Content/Assets/CharacterIcons/D0b1tI_WoAMs9q8.uasset" 33
"C:/Users/Arthur/Desktop/Projects/UE4/GodOfGods/GodOfGods/Content/Assets/CharacterIcons/D0b1tI_WoAMs9q8_Sprite.uasset" 34
"C:/Users/Arthur/Desktop/Projects/UE4/GodOfGods/GodOfGods/Content/BPs/Entities/Characters/Char_Entity_Player_Kirby.uasset" 35
"C:/Users/Arthur/Desktop/Projects/UE4/GodOfGods/GodOfGods/Content/Assets/CharacterIcons/bedf50107b9497060004f37896540d59.uasset" 36
"C:/Users/Arthur/Desktop/Projects/UE4/GodOfGods/GodOfGods/Content/Assets/CharacterIcons/bedf50107b9497060004f37896540d59_Sprite.uasset" 37
"C:/Users/Arthur/Desktop/Projects/UE4/GodOfGods/GodOfGods/Content/BPs/Entities/Characters/Char_Entity_Player_Knight.uasset" 38
"C:/Users/Arthur/Desktop/Projects/UE4/GodOfGods/GodOfGods/Content/Assets/CharacterIcons/maxresdefault.uasset" 39
"C:/Users/Arthur/Desktop/Projects/UE4/GodOfGods/GodOfGods/Content/Assets/CharacterIcons/maxresdefault_Sprite.uasset" 40
"C:/Users/Arthur/Desktop/Projects/UE4/GodOfGods/GodOfGods/Content/BPs/Entities/Characters/Char_Entity_Player_Naruto.uasset" 41
"C:/Users/Arthur/Desktop/Projects/UE4/GodOfGods/GodOfGods/Content/Assets/CharacterIcons/9465616.uasset" 42
"C:/Users/Arthur/Desktop/Projects/UE4/GodOfGods/GodOfGods/Content/Assets/CharacterIcons/9465616_Sprite.uasset" 43
"C:/Users/Arthur/Desktop/Projects/UE4/GodOfGods/GodOfGods/Content/BPs/Entities/Characters/Char_Entity_Player_RuPaul.uasset" 44
"C:/Users/Arthur/Desktop/Projects/UE4/GodOfGods/GodOfGods/Content/BPs/Entities/Characters/Struc_Character.uasset" 45
"C:/Users/Arthur/Desktop/Projects/UE4/GodOfGods/GodOfGods/Content/BPs/Entities/Characters/Characters.uasset" 46
"C:/Users/Arthur/Desktop/Projects/UE4/GodOfGods/GodOfGods/Content/Assets/CharacterIcons/Question-mark.uasset" 47
"C:/Users/Arthur/Desktop/Projects/UE4/GodOfGods/GodOfGods/Content/Widgets/Gameplay/Widget_Character.uasset" 48
"C:/Users/Arthur/Desktop/Projects/UE4/GodOfGods/GodOfGods/Content/Widgets/Gameplay/Widget_CharacterSelect.uasset" 49
"../../../Engine/Content/EngineFonts/Faces/DroidSansFallback.uasset" 50
"../../../Engine/Content/EngineFonts/Faces/RobotoBold.uasset" 51
"../../../Engine/Content/EngineFonts/Faces/RobotoBoldItalic.uasset" 52
"../../../Engine/Content/EngineFonts/Faces/RobotoItalic.uasset" 53
"../../../Engine/Content/EngineFonts/Faces/RobotoLight.uasset" 54
"../../../Engine/Content/EngineFonts/Faces/RobotoRegular.uasset" 55
"../../../Engine/Content/EngineFonts/Roboto.uasset" 56
"C:/Users/Arthur/Desktop/Projects/UE4/GodOfGods/GodOfGods/Content/Widgets/Gameplay/Data_ChatMessageFormation.uasset" 57
"C:/Users/Arthur/Desktop/Projects/UE4/GodOfGods/GodOfGods/Content/Widgets/Gameplay/Widget_ChatText.uasset" 58
"C:/Users/Arthur/Desktop/Projects/UE4/GodOfGods/GodOfGods/Content/Widgets/Gameplay/Widget_ChatWindow.uasset" 59
"C:/Users/Arthur/Desktop/Projects/UE4/GodOfGods/GodOfGods/Content/Widgets/Gameplay/Widget_Players.uasset" 60
"C:/Users/Arthur/Desktop/Projects/UE4/GodOfGods/GodOfGods/Content/Widgets/Gameplay/Widget_GameOverlay.uasset" 61
"C:/Users/Arthur/Desktop/Projects/UE4/GodOfGods/GodOfGods/Content/BPs/_Main/GoG_PlayerController_Gameplay.uasset" 62
"C:/Users/Arthur/Desktop/Projects/UE4/GodOfGods/GodOfGods/Content/BPs/_Main/BPI_PlayerController_Gameplay.uasset" 63
"C:/Users/Arthur/Desktop/Projects/UE4/GodOfGods/GodOfGods/Content/BPs/Attacks/Enum_AttackDestructors.uasset" 64
"C:/Users/Arthur/Desktop/Projects/UE4/GodOfGods/GodOfGods/Content/BPs/Items/BPI_ItemInteraction.uasset" 65
"../../../Engine/Content/BasicShapes/BasicShapeMaterial.uasset" 66
"../../../Engine/Content/BasicShapes/Cube.uasset" 67
"C:/Users/Arthur/Desktop/Projects/UE4/GodOfGods/GodOfGods/Content/BPs/Attacks/Enum_InstigatorType.uasset" 68
"C:/Users/Arthur/Desktop/Projects/UE4/GodOfGods/GodOfGods/Content/BPs/Entities/Characters/Char_Entity_Player_1main.uasset" 69
"../../../Engine/Content/EngineMaterials/DefaultMaterial.uasset" 70
"../../../Engine/Content/BasicShapes/Sphere.uasset" 71
"C:/Users/Arthur/Desktop/Projects/UE4/GodOfGods/GodOfGods/Content/BPs/Entities/Enemies/Char_Entity_Enemy_1Main.uasset" 72
"../../../Engine/Content/MapTemplates/Materials/BasicAsset03.uasset" 73
"C:/Users/Arthur/Desktop/Projects/UE4/GodOfGods/GodOfGods/Content/BPs/Attacks/BP_Attack_1main.uasset" 74
"C:/Users/Arthur/Desktop/Projects/UE4/GodOfGods/GodOfGods/Content/BPs/Items/BP_Item_1main.uasset" 75
"C:/Users/Arthur/Desktop/Projects/UE4/GodOfGods/GodOfGods/Content/BPs/Entities/Char_entity_1main.uasset" 76
"../../../Engine/Content/MapTemplates/Materials/BasicAsset01.uasset" 77
"../../../Engine/Content/BasicShapes/Cylinder.uasset" 78
"C:/Users/Arthur/Desktop/Projects/UE4/GodOfGods/GodOfGods/Content/BPs/Items/BP_ItemPodest.uasset" 79
"C:/Users/Arthur/Desktop/Projects/UE4/GodOfGods/GodOfGods/Content/BPs/Items/ItemPodest_BP.uasset" 80
"C:/Users/Arthur/Desktop/Projects/UE4/GodOfGods/GodOfGods/Content/BPs/ItemPodest_BP.uasset" 81
"C:/Users/Arthur/Desktop/Projects/UE4/GodOfGods/GodOfGods/Content/BPs/Entities/Default__ItemPodest_BP_C.uasset" 82
"C:/Users/Arthur/Desktop/Projects/UE4/GodOfGods/GodOfGods/Content/BPs/Entities/ItemPodest_BP.uasset" 83
"C:/Users/Arthur/Desktop/Projects/UE4/GodOfGods/GodOfGods/Content/BPs/Entities/ItemPodest_BP_C.uasset" 84
"C:/Users/Arthur/Desktop/Projects/UE4/GodOfGods/GodOfGods/Content/BPs/Entities/Main_entity_char.uasset" 85
"C:/Users/Arthur/Desktop/Projects/UE4/GodOfGods/GodOfGods/Content/BPs/Entities/Enemies/Test_enemy_entity_char.uasset" 86
"C:/Users/Arthur/Desktop/Projects/UE4/GodOfGods/GodOfGods/Content/BPs/Items/BP_Item_Bounce.uasset" 87
"C:/Users/Arthur/Desktop/Projects/UE4/GodOfGods/GodOfGods/Content/BPs/Items/Bounce_Item_BP.uasset" 88
"C:/Users/Arthur/Desktop/Projects/UE4/GodOfGods/GodOfGods/Content/BPs/Items/Bounce_Item_BPO.uasset" 89
"C:/Users/Arthur/Desktop/Projects/UE4/GodOfGods/GodOfGods/Content/BPs/Items/BP_Item_Cannon_Timeline.uasset" 90
"C:/Users/Arthur/Desktop/Projects/UE4/GodOfGods/GodOfGods/Content/BPs/Items/BP_Item_Cannon.uasset" 91
"C:/Users/Arthur/Desktop/Projects/UE4/GodOfGods/GodOfGods/Content/BPs/Items/Canon_item_BP.uasset" 92
"C:/Users/Arthur/Desktop/Projects/UE4/GodOfGods/GodOfGods/Content/BPs/Items/BP_Item_Cluster_Spawner.uasset" 93
"C:/Users/Arthur/Desktop/Projects/UE4/GodOfGods/GodOfGods/Content/BPs/Items/BP_Item_Cluster.uasset" 94
"C:/Users/Arthur/Desktop/Projects/UE4/GodOfGods/GodOfGods/Content/BPs/Items/Cluster_Item_BP.uasset" 95
"C:/Users/Arthur/Desktop/Projects/UE4/GodOfGods/GodOfGods/Content/BPs/Items/BP_Item_Sticki.uasset" 96
"C:/Users/Arthur/Desktop/Projects/UE4/GodOfGods/GodOfGods/Content/BPs/Items/Sticki_item_BP.uasset" 97
"C:/Users/Arthur/Desktop/Projects/UE4/GodOfGods/GodOfGods/Content/BPs/Items/BP_Item_SuperFireRate.uasset" 98
"C:/Users/Arthur/Desktop/Projects/UE4/GodOfGods/GodOfGods/Content/BPs/Items/SuperFireRate_item_BP.uasset" 99
"C:/Users/Arthur/Desktop/Projects/UE4/GodOfGods/GodOfGods/Content/BPs/Items/Test_item_BP.uasset" 100
"C:/Users/Arthur/Desktop/Projects/UE4/GodOfGods/GodOfGods/Content/BPs/Items/BP_Item_TrippleShot.uasset" 101
"C:/Users/Arthur/Desktop/Projects/UE4/GodOfGods/GodOfGods/Content/BPs/Items/TrippleShot_Item_BP.uasset" 102
"../../../Engine/Content/BasicShapes/Plane.uasset" 103
"C:/Users/Arthur/Desktop/Projects/UE4/GodOfGods/GodOfGods/Content/BPs/StageGeneration/Struc_RoomTile.uasset" 104
"C:/Users/Arthur/Desktop/Projects/UE4/GodOfGods/GodOfGods/Content/BPs/StageGeneration/Rooms/BP_Room_1main.uasset" 105
"C:/Users/Arthur/Desktop/Projects/UE4/GodOfGods/GodOfGods/Content/BPs/StageGeneration/Rooms/BP_Room_S1_R011.uasset" 106
"C:/Users/Arthur/Desktop/Projects/UE4/GodOfGods/GodOfGods/Content/BPs/StageGeneration/Rooms/BP_Room_S1_R001.uasset" 107
"C:/Users/Arthur/Desktop/Projects/UE4/GodOfGods/GodOfGods/Content/BPs/StageGeneration/Rooms/BP_Room_S1_R002.uasset" 108
"C:/Users/Arthur/Desktop/Projects/UE4/GodOfGods/GodOfGods/Content/BPs/StageGeneration/Rooms/BP_Room_S1_R003.uasset" 109
"C:/Users/Arthur/Desktop/Projects/UE4/GodOfGods/GodOfGods/Content/BPs/StageGeneration/Rooms/BP_Room_S1_R004.uasset" 110
"C:/Users/Arthur/Desktop/Projects/UE4/GodOfGods/GodOfGods/Content/BPs/StageGeneration/Rooms/BP_Room_S1_R005.uasset" 111
"C:/Users/Arthur/Desktop/Projects/UE4/GodOfGods/GodOfGods/Content/BPs/StageGeneration/Rooms/BP_Room_S1_R006.uasset" 112
"C:/Users/Arthur/Desktop/Projects/UE4/GodOfGods/GodOfGods/Content/BPs/StageGeneration/Rooms/BP_Room_S1_R007.uasset" 113
"C:/Users/Arthur/Desktop/Projects/UE4/GodOfGods/GodOfGods/Content/BPs/StageGeneration/Rooms/BP_Room_S1_R008.uasset" 114
"C:/Users/Arthur/Desktop/Projects/UE4/GodOfGods/GodOfGods/Content/BPs/StageGeneration/Rooms/BP_Room_S1_R009.uasset" 115
"C:/Users/Arthur/Desktop/Projects/UE4/GodOfGods/GodOfGods/Content/BPs/StageGeneration/Rooms/BP_Room_S1_R010.uasset" 116
"C:/Users/Arthur/Desktop/Projects/UE4/GodOfGods/GodOfGods/Content/BPs/StageGeneration/Rooms/Main_room_BP.uasset" 117
"C:/Users/Arthur/Desktop/Projects/UE4/GodOfGods/GodOfGods/Content/BPs/StageGeneration/Rooms/Enum_Floors.uasset" 118
"C:/Users/Arthur/Desktop/Projects/UE4/GodOfGods/GodOfGods/Content/BPs/StageGeneration/Rooms/Enum_RoomType.uasset" 119
"C:/Users/Arthur/Desktop/Projects/UE4/GodOfGods/GodOfGods/Content/BPs/StageGeneration/Struc_Room.uasset" 120
"C:/Users/Arthur/Desktop/Projects/UE4/GodOfGods/GodOfGods/Content/BPs/StageGeneration/Rooms/Data_Rooms.uasset" 121
"C:/Users/Arthur/Desktop/Projects/UE4/GodOfGods/GodOfGods/Content/BPs/StageGeneration/Struc_Door.uasset" 122
"C:/Users/Arthur/Desktop/Projects/UE4/GodOfGods/GodOfGods/Content/BPs/StageGeneration/Struc_RoomDoors.uasset" 123
"C:/Users/Arthur/Desktop/Projects/UE4/GodOfGods/GodOfGods/Content/BPs/Struc_VectorInt2D.uasset" 124
"C:/Users/Arthur/Desktop/Projects/UE4/GodOfGods/GodOfGods/Content/BPs/StageGeneration/BP_FloorGenerator.uasset" 125
"C:/Users/Arthur/Desktop/Projects/UE4/GodOfGods/GodOfGods/Content/BPs/StageGeneration/FloorGenerator.uasset" 126
"C:/Users/Arthur/Desktop/Projects/UE4/GodOfGods/GodOfGods/Content/BPs/StageGeneration/FloorGenerator_C.uasset" 127
"C:/Users/Arthur/Desktop/Projects/UE4/GodOfGods/GodOfGods/Content/DeveloperTools/RoomEditor/BP_Room_BrushRoom.uasset" 128
"C:/Users/Arthur/Desktop/Projects/UE4/GodOfGods/GodOfGods/Content/BPs/StageGeneration/Floor1/BrushRoom.uasset" 129
"C:/Users/Arthur/Desktop/Projects/UE4/GodOfGods/GodOfGods/Content/BPs/StageGeneration/Floor1/BrushRoom_C.uasset" 130
"C:/Users/Arthur/Desktop/Projects/UE4/GodOfGods/GodOfGods/Content/BPs/StageGeneration/Rooms/F1_R011_Room_BP_Child.uasset" 131
"C:/Users/Arthur/Desktop/Projects/UE4/GodOfGods/GodOfGods/Content/BPs/StageGeneration/Floor1/Default__F1_R011_Room_BP_Child_C.uasset" 132
"C:/Users/Arthur/Desktop/Projects/UE4/GodOfGods/GodOfGods/Content/BPs/StageGeneration/Floor1/F1_R011_Room_BP_Child.uasset" 133
"C:/Users/Arthur/Desktop/Projects/UE4/GodOfGods/GodOfGods/Content/BPs/StageGeneration/Floor1/F1_R011_Room_BP_Child_C.uasset" 134
"C:/Users/Arthur/Desktop/Projects/UE4/GodOfGods/GodOfGods/Content/BPs/StageGeneration/Rooms/F1_R1_Room_BP_Child.uasset" 135
"C:/Users/Arthur/Desktop/Projects/UE4/GodOfGods/GodOfGods/Content/BPs/StageGeneration/Rooms/F1_R1_Room_BP_Child_C.uasset" 136
"C:/Users/Arthur/Desktop/Projects/UE4/GodOfGods/GodOfGods/Content/BPs/_Main/GoG_gamemode_Game.uasset" 137
"C:/Users/Arthur/Desktop/Projects/UE4/GodOfGods/GodOfGods/Content/BPs/_Main/Interface_GameInstance.uasset" 138
"C:/Users/Arthur/Desktop/Projects/UE4/GodOfGods/GodOfGods/Content/BPs/_Main/Struc_ServerSettings.uasset" 139
"../../../Engine/Content/EngineSky/C_Sky_Cloud_Color.uasset" 140
"../../../Engine/Content/EngineSky/C_Sky_Horizon_Color.uasset" 141
"../../../Engine/Content/EngineSky/C_Sky_Zenith_Color.uasset" 142
"C:/Users/Arthur/Desktop/Projects/UE4/GodOfGods/GodOfGods/Content/DeveloperTools/RoomEditor/Mat_Editor_Skysphere.uasset" 143
"../../../Engine/Content/EngineSky/T_Sky_Blue.uasset" 144
"../../../Engine/Content/EngineSky/T_Sky_Clouds_M.uasset" 145
"../../../Engine/Content/EngineSky/T_Sky_Stars.uasset" 146
"../../../Engine/Content/EngineSky/M_Sky_Panning_Clouds2.uasset" 147
"../../../Engine/Content/EngineSky/SM_SkySphere.uasset" 148
"C:/Users/Arthur/Desktop/Projects/UE4/GodOfGods/GodOfGods/Content/DeveloperTools/RoomEditor/BP_Editor_Skysphere.uasset" 149
"C:/Users/Arthur/Desktop/Projects/UE4/GodOfGods/GodOfGods/Content/DeveloperTools/RoomEditor/EditorSkySphere_BP.uasset" 150
"C:/Users/Arthur/Desktop/Projects/UE4/GodOfGods/GodOfGods/Content/DeveloperTools/BP_EditorSky_Sphere.uasset" 151
"C:/Users/Arthur/Desktop/Projects/UE4/GodOfGods/GodOfGods/Content/DeveloperTools/BP_EditorSky_Sphere_C.uasset" 152
"C:/Users/Arthur/Desktop/Projects/UE4/GodOfGods/GodOfGods/Content/DeveloperTools/RoomEditor/Enum_Editor_Modes.uasset" 153
"C:/Users/Arthur/Desktop/Projects/UE4/GodOfGods/GodOfGods/Content/DeveloperTools/RoomEditor/GoG_PlayerController_RoomEditor.uasset" 154
"../../../Engine/Content/EngineDebugMaterials/M_SimpleUnlitTranslucent.uasset" 155
"C:/Users/Arthur/Desktop/Projects/UE4/GodOfGods/GodOfGods/Content/DeveloperTools/RoomEditor/Pawn_Editor_Camera.uasset" 156
"C:/Users/Arthur/Desktop/Projects/UE4/GodOfGods/GodOfGods/Content/DeveloperTools/RoomEditor/GoG_GameMode_RoomEditor.uasset" 157
"C:/Users/Arthur/Desktop/Projects/UE4/GodOfGods/GodOfGods/Content/DeveloperTools/RoomEditor/EditorGamemode.uasset" 158
"C:/Users/Arthur/Desktop/Projects/UE4/GodOfGods/GodOfGods/Content/Materials/Floor_mat.uasset" 159
"C:/Users/Arthur/Desktop/Projects/UE4/GodOfGods/GodOfGods/Content/Materials/Floor_mat_Inst.uasset" 160
"../../../Engine/Content/Animation/DefaultAnimCurveCompressionSettings.uasset" 161
"../../../Engine/Content/ArtTools/RenderToTexture/Meshes/S_1_Unit_Plane.uasset" 162
"../../../Engine/Content/BasicShapes/Cone.uasset" 163
"../../../Engine/Content/EditorLandscapeResources/DataLayer.uasset" 164
"../../../Engine/Content/EditorMaterials/MAT_Groups_Toggle.uasset" 165
"../../../Engine/Content/EditorMaterials/MAT_Groups_Visibility.uasset" 166
"../../../Engine/Content/EditorMaterials/PreviewShadowIndicator.uasset" 167
"../../../Engine/Content/EditorMaterials/PreviewShadowIndicatorMaterial.uasset" 168
"../../../Engine/Content/EditorMaterials/MatineeGroups/MAT_ColorTrack.uasset" 169
"../../../Engine/Content/EditorMaterials/MatineeGroups/MAT_Groups_Anim.uasset" 170
"../../../Engine/Content/EditorMaterials/MatineeGroups/MAT_Groups_AudioMaster.uasset" 171
"../../../Engine/Content/EditorMaterials/MatineeGroups/MAT_Groups_Director.uasset" 172
"../../../Engine/Content/EditorMaterials/MatineeGroups/MAT_Groups_Event.uasset" 173
"../../../Engine/Content/EditorMaterials/MatineeGroups/MAT_Groups_Fade.uasset" 174
"../../../Engine/Content/EditorMaterials/MatineeGroups/MAT_Groups_Float.uasset" 175
"../../../Engine/Content/EditorMaterials/MatineeGroups/MAT_Groups_Move.uasset" 176
"../../../Engine/Content/EditorMaterials/MatineeGroups/MAT_Groups_Slomo.uasset" 177
"../../../Engine/Content/EditorMaterials/MatineeGroups/MAT_Groups_Sound.uasset" 178
"../../../Engine/Content/EditorMaterials/MatineeGroups/MAT_Groups_Vector.uasset" 179
"../../../Engine/Content/EditorMaterials/ParticleSystems/PSysThumbnail_NoImage.uasset" 180
"../../../Engine/Content/EditorMaterials/ParticleSystems/PSysThumbnail_OOD.uasset" 181
"../../../Engine/Content/EditorMaterials/Camera/CineMat.uasset" 182
"../../../Engine/Content/EditorMaterials/Camera/MI_CineMat_Rig.uasset" 183
"../../../Engine/Content/EditorMeshes/Camera/SM_CraneRig_Arm.uasset" 184
"../../../Engine/Content/EditorMeshes/Camera/SM_CraneRig_Base.uasset" 185
"../../../Engine/Content/EditorMeshes/Camera/SM_CraneRig_Body.uasset" 186
"../../../Engine/Content/EditorMeshes/Camera/SM_CraneRig_Mount.uasset" 187
"../../../Engine/Content/EditorMeshes/Camera/SM_RailRig_Mount.uasset" 188
"../../../Engine/Content/EditorMeshes/Camera/SM_RailRig_Track.uasset" 189
"../../../Engine/Content/EditorResources/BSPVertex.uasset" 190
"../../../Engine/Content/EditorResources/EmptyActor.uasset" 191
"../../../Engine/Content/EditorResources/S_Actor.uasset" 192
"../../../Engine/Content/EditorResources/S_Note.uasset" 193
"../../../Engine/Content/EditorResources/S_Solver.uasset" 194
"../../../Engine/Content/EditorResources/S_Trigger.uasset" 195
"../../../Engine/Content/EditorResources/LightIcons/S_LightError.uasset" 196
"../../../Engine/Content/EditorResources/SequenceRecorder/Countdown.uasset" 197
"../../../Engine/Content/EditorResources/SequenceRecorder/RecordingIndicator.uasset" 198
"../../../Engine/Content/EditorSounds/Notifications/CompileFailed.uasset" 199
"../../../Engine/Content/EditorSounds/Notifications/CompileFailed_Cue.uasset" 200
"../../../Engine/Content/EditorSounds/Notifications/CompileSuccess.uasset" 201
"../../../Engine/Content/EditorSounds/Notifications/CompileStart_Cue.uasset" 202
"../../../Engine/Content/EditorSounds/Notifications/CompileSuccess_Cue.uasset" 203
"../../../Engine/Content/EngineDamageTypes/DmgTypeBP_Environmental.uasset" 204
"../../../Engine/Content/EngineDebugMaterials/DebugEditorMaterial.uasset" 205
"../../../Engine/Content/EngineDebugMaterials/DebugMeshMaterial.uasset" 206
"../../../Engine/Content/Functions/Engine_MaterialFunctions02/Utility/CameraDirectionVector.uasset" 207
"../../../Engine/Content/EngineDebugMaterials/VolumeToRender.uasset" 208
"../../../Engine/Content/EngineDebugMaterials/M_VolumeRenderSphereTracePP.uasset" 209
"../../../Engine/Content/EngineDebugMaterials/WireframeMaterial.uasset" 210
"../../../Engine/Content/EngineMaterials/BaseFlattenDiffuseMap.uasset" 211
"../../../Engine/Content/EngineMaterials/BaseFlattenEmissiveMap.uasset" 212
"../../../Engine/Content/EngineMaterials/BaseFlattenGrayscaleMap.uasset" 213
"../../../Engine/Content/EngineMaterials/BaseFlattenNormalMap.uasset" 214
"../../../Engine/Content/EngineMaterials/BaseFlattenMaterial.uasset" 215
"../../../Engine/Content/EngineMaterials/BlueNoise.uasset" 216
"../../../Engine/Content/EngineMaterials/DefaultBloomKernel.uasset" 217
"../../../Engine/Content/EngineMaterials/DefaultBokeh.uasset" 218
"../../../Engine/Content/EngineMaterials/DefaultDiffuse.uasset" 219
"../../../Engine/Content/EngineMaterials/DefaultDeferredDecalMaterial.uasset" 220
"../../../Engine/Content/EngineMaterials/DefaultLightFunctionMaterial.uasset" 221
"../../../Engine/Content/EngineMaterials/DefaultPhysicalMaterial.uasset" 222
"../../../Engine/Content/Functions/Engine_MaterialFunctions02/Utility/BreakOutFloat2Components.uasset" 223
"../../../Engine/Content/EngineMaterials/DefaultPostProcessMaterial.uasset" 224
"../../../Engine/Content/EngineFonts/RobotoDistanceField.uasset" 225
"../../../Engine/Content/EngineMaterials/DefaultTextMaterialOpaque.uasset" 226
"../../../Engine/Content/EngineMaterials/DefaultWhiteGrid.uasset" 227
"../../../Engine/Content/EngineMaterials/DefaultWhiteGrid_Low.uasset" 228
"../../../Engine/Content/EngineMaterials/EmissiveMeshMaterial.uasset" 229
"../../../Engine/Content/EngineMaterials/GizmoMaterial.uasset" 230
"../../../Engine/Content/EngineMaterials/Good64x64TilingNoiseHighFreq.uasset" 231
"../../../Engine/Content/EngineMaterials/MiniFont.uasset" 232
"../../../Engine/Content/EngineMaterials/InvalidLightmapSettings.uasset" 233
"../../../Engine/Content/EngineMaterials/M_InvalidLightmapSettings.uasset" 234
"../../../Engine/Content/Functions/Engine_MaterialFunctions02/WorldPositionOffset/CameraOffset.uasset" 235
"../../../Engine/Content/EngineMaterials/PhAT_JointLimitMaterial.uasset" 236
"../../../Engine/Content/EngineMaterials/PreintegratedSkinBRDF.uasset" 237
"../../../Engine/Content/EngineMaterials/RemoveSurfaceMaterial.uasset" 238
"../../../Engine/Content/EngineMaterials/WeightMapPlaceholderTexture.uasset" 239
"../../../Engine/Content/EngineResources/WhiteSquareTexture.uasset" 240
"../../../Engine/Content/EngineMaterials/Widget3DPassThrough.uasset" 241
"../../../Engine/Content/EngineMaterials/Widget3DPassThrough_Masked.uasset" 242
"../../../Engine/Content/EngineMaterials/Widget3DPassThrough_Opaque.uasset" 243
"../../../Engine/Content/EngineMaterials/Widget3DPassThrough_Masked_OneSided.uasset" 244
"../../../Engine/Content/EngineMaterials/Widget3DPassThrough_Opaque_OneSided.uasset" 245
"../../../Engine/Content/EngineMaterials/Widget3DPassThrough_Translucent.uasset" 246
"../../../Engine/Content/EngineMaterials/Widget3DPassThrough_Translucent_OneSided.uasset" 247
"../../../Engine/Content/EngineMeshes/Cylinder.uasset" 248
"../../../Engine/Content/EngineMeshes/Sphere.uasset" 249
"../../../Engine/Content/EngineResources/Black.uasset" 250
"../../../Engine/Content/EngineResources/DefaultTexture.uasset" 251
"../../../Engine/Content/EngineResources/DefaultTextureCube.uasset" 252
"../../../Engine/Content/EngineResources/DefaultVolumeTexture2D.uasset" 253
"../../../Engine/Content/EngineResources/DefaultVolumeTexture.uasset" 254
"../../../Engine/Content/EngineResources/GradientTexture0.uasset" 255
"../../../Engine/Content/EngineSounds/Master.uasset" 256
"../../../Engine/Content/Functions/Engine_MaterialFunctions01/Shading/ConvertFromDiffSpec.uasset" 257
"../../../Engine/Content/Functions/Engine_MaterialFunctions01/Shading/PowerToRoughness.uasset" 258
"../../../Engine/Content/Maps/Templates/Thumbnails/Default.uasset" 259
"../../../Engine/Content/Maps/Templates/Thumbnails/TimeOfDay.uasset" 260
"../../../Engine/Content/Maps/Templates/Thumbnails/VR-Basic.uasset" 261
"../../../Engine/Content/MobileResources/T_MobileControls_texture.uasset" 262
"../../../Engine/Content/MobileResources/T_MobileMenu2.uasset" 263
"../../../Engine/Content/MobileResources/HUD/AnalogHat.uasset" 264
"../../../Engine/Content/MobileResources/HUD/VirtualJoystick_Background.uasset" 265
"../../../Engine/Content/MobileResources/HUD/VirtualJoystick_Thumb.uasset" 266
"../../../Engine/Content/MobileResources/HUD/DefaultVirtualJoysticks.uasset" 267
"../../../Engine/Content/MobileResources/HUD/LeftVirtualJoystickOnly.uasset" 268
"../../../Engine/Content/MobileResources/HUD/MobileHUDButton1_off.uasset" 269
"../../../Engine/Content/MobileResources/HUD/MobileHUDButton1_on.uasset" 270
"../../../Engine/Content/MobileResources/HUD/MobileHUDButton2_off.uasset" 271
"../../../Engine/Content/MobileResources/HUD/MobileHUDButton2_on.uasset" 272
"../../../Engine/Content/MobileResources/HUD/MobileHUDButton3.uasset" 273
"../../../Engine/Content/MobileResources/HUD/MobileHUDButtonFire.uasset" 274
"../../../Engine/Content/MobileResources/HUD/MobileHUDDirectionPad.uasset" 275
"../../../Engine/Content/MobileResources/HUD/MobileHUDDirectionPad2.uasset" 276
"../../../Engine/Content/MobileResources/HUD/MobileHUDDirectionPad3.uasset" 277
"../../../Engine/Content/MobileResources/HUD/MobileHUDDirectionStick.uasset" 278
"../../../Engine/Content/MobileResources/HUD/T_Castle_ThumbstickInner.uasset" 279
"../../../Engine/Content/MobileResources/HUD/T_Castle_ThumbstickOutter.uasset" 280
"../../../Engine/Content/Tutorial/ContentIntroCurve.uasset" 281
"../../../Engine/Content/Tutorial/Basics/LevelEditorAttract.uasset" 282
"../../../Engine/Content/Tutorial/BlueprintTutorials/TutorialAssets/Blueprint_64x.uasset" 283
"../../../Engine/Content/Tutorial/BlueprintTutorials/BlueprintEditorTutorial.uasset" 284
"../../../Engine/Content/Tutorial/SubEditors/GettingSubstance.uasset" 285
"../../../Engine/Content/VREditor/LaserPointer/VR_LaserPower_01.uasset" 286
"../../../Engine/Content/VREditor/TransformGizmo/TransformGizmoMaterial.uasset" 287
"../../../Engine/Content/VREditor/TransformGizmo/TranslucentTransformGizmoMaterial.uasset" 288
"../../../Engine/Content/VREditor/TransformGizmo/BoundingBoxCorner.uasset" 289
"../../../Engine/Content/VREditor/TransformGizmo/BoundingBoxEdge.uasset" 290
"../../../Engine/Content/VREditor/TransformGizmo/PlaneTranslationHandle.uasset" 291
"../../../Engine/Content/VREditor/TransformGizmo/Main.uasset" 292
"../../../Engine/Content/VREditor/TransformGizmo/Xray.uasset" 293
"../../../Engine/Content/VREditor/TransformGizmo/SM_Sequencer_Key.uasset" 294
"../../../Engine/Content/VREditor/TransformGizmo/SM_Sequencer_Node.uasset" 295
"../../Plugins/2D/Paper2D/Content/PlaceholderTextures/DummySpriteTexture.uasset" 296
"../../Plugins/2D/Paper2D/Content/DummySprite.uasset" 297
"../../Plugins/2D/Paper2D/Content/DefaultPaperTerrainMaterial.uasset" 298
"../../Plugins/2D/Paper2D/Content/DefaultSpriteMaterial.uasset" 299
"../../Plugins/2D/Paper2D/Content/MaskedUnlitSpriteMaterial.uasset" 300
"../../Plugins/2D/Paper2D/Content/OpaqueUnlitSpriteMaterial.uasset" 301
"../../Plugins/FX/Niagara/Content/Enums/ENiagaraBooleanLogicOps.uasset" 302
"../../Plugins/FX/Niagara/Content/Enums/ENiagaraCoordinateSpace.uasset" 303
"../../Plugins/FX/Niagara/Content/Enums/ENiagaraExpansionMode.uasset" 304
"../../Plugins/FX/Niagara/Content/Enums/ENiagaraOrientationAxis.uasset" 305
"../../Plugins/FX/Niagara/Content/Enums/ENiagaraRandomnessMode.uasset" 306
"../../../Engine/Content/Functions/Engine_MaterialFunctions02/Utility/BreakOutFloat4Components.uasset" 307
"../../../Engine/Content/Functions/Engine_MaterialFunctions02/Utility/MakeFloat2.uasset" 308
"../../../Engine/Content/Functions/Engine_MaterialFunctions02/Utility/MakeFloat3.uasset" 309
"../../Plugins/Runtime/Oculus/OculusVR/Content/Materials/OculusMR_ChromaKey.uasset" 310
"../../Plugins/Runtime/Oculus/OculusVR/Content/Materials/OculusMR_ChromaKey_Lit.uasset" 311
"../../Plugins/Runtime/Oculus/OculusVR/Content/Materials/OculusMR_OpaqueColoredMaterial.uasset" 312
"../../Plugins/Runtime/Oculus/OculusVR/Content/Materials/OculusMR_WhiteMaterial.uasset" 313
"C:/Users/Arthur/Desktop/Projects/UE4/GodOfGods/GodOfGods/Content/Maps/Map_MainMenu.umap" 314
"../../../Engine/Content/EngineSky/BP_Sky_Sphere.uasset" 315
"C:/Users/Arthur/Desktop/Projects/UE4/GodOfGods/GodOfGods/Content/Maps/Map_Test_BuiltData.uasset" 316
"C:/Users/Arthur/Desktop/Projects/UE4/GodOfGods/GodOfGods/Content/Maps/Map_Test.umap" 317
"../../../Engine/Content/EngineResources/GrayLightTextureCube.uasset" 318
"C:/Users/Arthur/Desktop/Projects/UE4/GodOfGods/GodOfGods/Content/DeveloperTools/RoomEditor/Map_RoomEditor.umap" 319
"../../../Engine/Content/Maps/Entry_BuiltData.uasset" 320
"../../../Engine/Content/Maps/Entry.umap" 321
